0 verbose cli C:\Program Files\nodejs\node.exe C:\Program Files\nodejs\node_modules\npm\bin\npm-cli.js
1 info using npm@11.8.0
2 info using node@v24.13.1
3 silly config load:file:C:\Program Files\nodejs\node_modules\npm\npmrc
4 silly config load:file:D:\app\_in_dev_codex\eng_tobe_saas\.npmrc
5 silly config load:file:C:\Users\sss\.npmrc
6 silly config load:file:C:\Users\sss\AppData\Roaming\npm\etc\npmrc
7 verbose title npm install next@14.2.35
8 verbose argv "install" "next@14.2.35" "--cache" ".npm-cache"
9 verbose logfile logs-max:10 dir:D:\app\_in_dev_codex\eng_tobe_saas\.npm-cache\_logs\2026-04-12T15_33_54_683Z-
10 verbose logfile D:\app\_in_dev_codex\eng_tobe_saas\.npm-cache\_logs\2026-04-12T15_33_54_683Z-debug-0.log
11 silly logfile done cleaning log files
12 silly packumentCache heap:2348810240 maxSize:587202560 maxEntrySize:293601280
13 silly idealTree buildDeps
14 silly fetch manifest next@14.2.35
15 silly packumentCache full:https://registry.npmjs.org/next cache-miss
16 http cache https://registry.npmjs.org/next 294ms (cache hit)
17 silly packumentCache full:https://registry.npmjs.org/next set size:30044759 disposed:false
18 silly fetch manifest @opentelemetry/api@^1.1.0
19 silly packumentCache full:https://registry.npmjs.org/@opentelemetry%2fapi cache-miss
20 http fetch GET 200 https://registry.npmjs.org/@opentelemetry%2fapi 347ms (cache revalidated)
21 silly packumentCache full:https://registry.npmjs.org/@opentelemetry%2fapi set size:272855 disposed:false
22 silly fetch manifest @playwright/test@^1.41.2
23 silly packumentCache full:https://registry.npmjs.org/@playwright%2ftest cache-miss
24 http fetch GET 200 https://registry.npmjs.org/@playwright%2ftest 124ms (cache revalidated)
25 silly packumentCache full:https://registry.npmjs.org/@playwright%2ftest set size:9000135 disposed:false
26 silly fetch manifest react@^18.3.1
27 silly packumentCache full:https://registry.npmjs.org/react cache-miss
28 http fetch GET 200 https://registry.npmjs.org/react 102ms (cache revalidated)
29 silly packumentCache full:https://registry.npmjs.org/react set size:6598084 disposed:false
30 silly fetch manifest react-dom@^18.3.1
31 silly packumentCache full:https://registry.npmjs.org/react-dom cache-miss
32 http fetch GET 200 https://registry.npmjs.org/react-dom 109ms (cache revalidated)
33 silly packumentCache full:https://registry.npmjs.org/react-dom set size:8778661 disposed:false
34 silly fetch manifest sass@^1.3.0
35 silly packumentCache full:https://registry.npmjs.org/sass cache-miss
36 http fetch GET 200 https://registry.npmjs.org/sass 65ms (cache revalidated)
37 silly packumentCache full:https://registry.npmjs.org/sass set size:726244 disposed:false
38 silly placeDep ROOT next@14.2.35 REPLACE for: eng-tobe-saas@0.1.0 want: 14.2.35
39 silly fetch manifest @next/env@14.2.35
40 silly packumentCache full:https://registry.npmjs.org/@next%2fenv cache-miss
41 silly fetch manifest @next/swc-darwin-x64@14.2.33
42 silly packumentCache full:https://registry.npmjs.org/@next%2fswc-darwin-x64 cache-miss
43 silly fetch manifest @next/swc-darwin-arm64@14.2.33
44 silly packumentCache full:https://registry.npmjs.org/@next%2fswc-darwin-arm64 cache-miss
45 http fetch GET 200 https://registry.npmjs.org/@next%2fenv 177ms (cache revalidated)
46 silly packumentCache full:https://registry.npmjs.org/@next%2fenv set size:7150050 disposed:false
47 silly fetch manifest @next/swc-linux-x64-gnu@14.2.33
48 silly packumentCache full:https://registry.npmjs.org/@next%2fswc-linux-x64-gnu cache-miss
49 http fetch GET 200 https://registry.npmjs.org/@next%2fswc-linux-x64-gnu 148ms (cache revalidated)
50 silly packumentCache full:https://registry.npmjs.org/@next%2fswc-linux-x64-gnu set size:5220982 disposed:false
51 silly fetch manifest @next/swc-linux-x64-musl@14.2.33
52 silly packumentCache full:https://registry.npmjs.org/@next%2fswc-linux-x64-musl cache-miss
53 http fetch GET 200 https://registry.npmjs.org/@next%2fswc-linux-x64-musl 100ms (cache revalidated)
54 silly packumentCache full:https://registry.npmjs.org/@next%2fswc-linux-x64-musl set size:4977158 disposed:false
55 silly fetch manifest @next/swc-win32-x64-msvc@14.2.33
56 silly packumentCache full:https://registry.npmjs.org/@next%2fswc-win32-x64-msvc cache-miss
57 http fetch GET 200 https://registry.npmjs.org/@next%2fswc-darwin-x64 917ms (cache revalidated)
58 silly packumentCache full:https://registry.npmjs.org/@next%2fswc-darwin-x64 set size:5116796 disposed:false
59 silly fetch manifest @next/swc-linux-arm64-gnu@14.2.33
60 silly packumentCache full:https://registry.npmjs.org/@next%2fswc-linux-arm64-gnu cache-miss
61 http fetch GET 200 https://registry.npmjs.org/@next%2fswc-darwin-arm64 1024ms (cache revalidated)
62 silly packumentCache full:https://registry.npmjs.org/@next%2fswc-darwin-arm64 set size:5172836 disposed:false
63 silly fetch manifest @next/swc-win32-ia32-msvc@14.2.33
64 silly packumentCache full:https://registry.npmjs.org/@next%2fswc-win32-ia32-msvc cache-miss
65 http fetch GET 200 https://registry.npmjs.org/@next%2fswc-linux-arm64-gnu 136ms (cache revalidated)
66 silly packumentCache full:https://registry.npmjs.org/@next%2fswc-linux-arm64-gnu set size:5023804 disposed:false
67 silly fetch manifest @next/swc-linux-arm64-musl@14.2.33
68 silly packumentCache full:https://registry.npmjs.org/@next%2fswc-linux-arm64-musl cache-miss
69 http fetch GET 200 https://registry.npmjs.org/@next%2fswc-win32-ia32-msvc 182ms (cache revalidated)
70 silly packumentCache full:https://registry.npmjs.org/@next%2fswc-win32-ia32-msvc set size:3201597 disposed:false
71 silly fetch manifest @next/swc-win32-arm64-msvc@14.2.33
72 silly packumentCache full:https://registry.npmjs.org/@next%2fswc-win32-arm64-msvc cache-miss
73 http fetch GET 200 https://registry.npmjs.org/@next%2fswc-linux-arm64-musl 181ms (cache revalidated)
74 silly packumentCache full:https://registry.npmjs.org/@next%2fswc-linux-arm64-musl set size:5041349 disposed:false
75 http fetch GET 200 https://registry.npmjs.org/@next%2fswc-win32-x64-msvc 829ms (cache revalidated)
76 silly packumentCache full:https://registry.npmjs.org/@next%2fswc-win32-x64-msvc set size:5193359 disposed:false
77 http fetch GET 200 https://registry.npmjs.org/@next%2fswc-win32-arm64-msvc 657ms (cache revalidated)
78 silly packumentCache full:https://registry.npmjs.org/@next%2fswc-win32-arm64-msvc set size:5006124 disposed:false
79 silly placeDep ROOT @next/env@14.2.35 OK for: next@14.2.35 want: 14.2.35
80 silly placeDep ROOT @next/swc-darwin-arm64@14.2.33 OK for: next@14.2.35 want: 14.2.33
81 silly placeDep ROOT @next/swc-darwin-x64@14.2.33 OK for: next@14.2.35 want: 14.2.33
82 silly placeDep ROOT @next/swc-linux-arm64-gnu@14.2.33 OK for: next@14.2.35 want: 14.2.33
83 silly placeDep ROOT @next/swc-linux-arm64-musl@14.2.33 OK for: next@14.2.35 want: 14.2.33
84 silly placeDep ROOT @next/swc-linux-x64-gnu@14.2.33 OK for: next@14.2.35 want: 14.2.33
85 silly placeDep ROOT @next/swc-linux-x64-musl@14.2.33 OK for: next@14.2.35 want: 14.2.33
86 silly placeDep ROOT @next/swc-win32-arm64-msvc@14.2.33 OK for: next@14.2.35 want: 14.2.33
87 silly placeDep ROOT @next/swc-win32-ia32-msvc@14.2.33 OK for: next@14.2.35 want: 14.2.33
88 silly placeDep ROOT @next/swc-win32-x64-msvc@14.2.33 OK for: next@14.2.35 want: 14.2.33
89 silly reify mark retired [ 'D:\\app\\_in_dev_codex\\eng_tobe_saas\\node_modules\\@next\\env' ]
90 silly reify mark retired [
90 silly reify   'D:\\app\\_in_dev_codex\\eng_tobe_saas\\node_modules\\@next\\swc-win32-x64-msvc'
90 silly reify ]
91 silly reify mark retired [
91 silly reify   'D:\\app\\_in_dev_codex\\eng_tobe_saas\\node_modules\\next',
91 silly reify   'D:\\app\\_in_dev_codex\\eng_tobe_saas\\node_modules\\.bin\\next',
91 silly reify   'D:\\app\\_in_dev_codex\\eng_tobe_saas\\node_modules\\.bin\\next.cmd',
91 silly reify   'D:\\app\\_in_dev_codex\\eng_tobe_saas\\node_modules\\.bin\\next.ps1'
91 silly reify ]
92 silly reify moves {
92 silly reify   'D:\\app\\_in_dev_codex\\eng_tobe_saas\\node_modules\\@next\\env': 'D:\\app\\_in_dev_codex\\eng_tobe_saas\\node_modules\\@next\\.env-H5eDOaUR',
92 silly reify   'D:\\app\\_in_dev_codex\\eng_tobe_saas\\node_modules\\@next\\swc-win32-x64-msvc': 'D:\\app\\_in_dev_codex\\eng_tobe_saas\\node_modules\\@next\\.swc-win32-x64-msvc-hx94F4vI',
92 silly reify   'D:\\app\\_in_dev_codex\\eng_tobe_saas\\node_modules\\next': 'D:\\app\\_in_dev_codex\\eng_tobe_saas\\node_modules\\.next-gN17Tzhi',
92 silly reify   'D:\\app\\_in_dev_codex\\eng_tobe_saas\\node_modules\\.bin\\next': 'D:\\app\\_in_dev_codex\\eng_tobe_saas\\node_modules\\.bin\\.next-6hw5Pk62',
92 silly reify   'D:\\app\\_in_dev_codex\\eng_tobe_saas\\node_modules\\.bin\\next.cmd': 'D:\\app\\_in_dev_codex\\eng_tobe_saas\\node_modules\\.bin\\.next.cmd-FgVneS4t',
92 silly reify   'D:\\app\\_in_dev_codex\\eng_tobe_saas\\node_modules\\.bin\\next.ps1': 'D:\\app\\_in_dev_codex\\eng_tobe_saas\\node_modules\\.bin\\.next.ps1-JkncC9Tp'
92 silly reify }
93 silly audit bulk request {
93 silly audit   '@alloc/quick-lru': [ '5.2.0' ],
93 silly audit   '@hookform/resolvers': [ '3.10.0' ],
93 silly audit   '@jridgewell/gen-mapping': [ '0.3.13' ],
93 silly audit   '@jridgewell/resolve-uri': [ '3.1.2' ],
93 silly audit   '@jridgewell/sourcemap-codec': [ '1.5.5' ],
93 silly audit   '@jridgewell/trace-mapping': [ '0.3.31' ],
93 silly audit   '@nodelib/fs.scandir': [ '2.1.5' ],
93 silly audit   '@nodelib/fs.stat': [ '2.0.5' ],
93 silly audit   '@nodelib/fs.walk': [ '1.2.8' ],
93 silly audit   '@radix-ui/react-compose-refs': [ '1.1.2' ],
93 silly audit   '@radix-ui/react-slot': [ '1.2.4' ],
93 silly audit   '@supabase/auth-js': [ '2.103.0' ],
93 silly audit   '@supabase/functions-js': [ '2.103.0' ],
93 silly audit   '@supabase/phoenix': [ '0.4.0' ],
93 silly audit   '@supabase/postgrest-js': [ '2.103.0' ],
93 silly audit   '@supabase/realtime-js': [ '2.103.0' ],
93 silly audit   '@supabase/ssr': [ '0.5.2' ],
93 silly audit   '@supabase/storage-js': [ '2.103.0' ],
93 silly audit   '@supabase/supabase-js': [ '2.103.0' ],
93 silly audit   '@swc/counter': [ '0.1.3' ],
93 silly audit   '@swc/helpers': [ '0.5.5' ],
93 silly audit   '@types/cookie': [ '0.6.0' ],
93 silly audit   '@types/node': [ '22.19.17' ],
93 silly audit   '@types/prop-types': [ '15.7.15' ],
93 silly audit   '@types/react': [ '18.3.28' ],
93 silly audit   '@types/react-dom': [ '18.3.7' ],
93 silly audit   '@types/ws': [ '8.18.1' ],
93 silly audit   'any-promise': [ '1.3.0' ],
93 silly audit   anymatch: [ '3.1.3' ],
93 silly audit   arg: [ '5.0.2' ],
93 silly audit   autoprefixer: [ '10.4.27' ],
93 silly audit   'baseline-browser-mapping': [ '2.10.18' ],
93 silly audit   'binary-extensions': [ '2.3.0' ],
93 silly audit   braces: [ '3.0.3' ],
93 silly audit   browserslist: [ '4.28.2' ],
93 silly audit   busboy: [ '1.6.0' ],
93 silly audit   'camelcase-css': [ '2.0.1' ],
93 silly audit   'caniuse-lite': [ '1.0.30001787' ],
93 silly audit   chokidar: [ '3.6.0' ],
93 silly audit   'glob-parent': [ '5.1.2', '6.0.2' ],
93 silly audit   'class-variance-authority': [ '0.7.1' ],
93 silly audit   'client-only': [ '0.0.1' ],
93 silly audit   clsx: [ '2.1.1' ],
93 silly audit   commander: [ '4.1.1' ],
93 silly audit   cookie: [ '0.7.2' ],
93 silly audit   cssesc: [ '3.0.0' ],
93 silly audit   csstype: [ '3.2.3' ],
93 silly audit   didyoumean: [ '1.2.2' ],
93 silly audit   dlv: [ '1.1.3' ],
93 silly audit   'electron-to-chromium': [ '1.5.335' ],
93 silly audit   'es-errors': [ '1.3.0' ],
93 silly audit   escalade: [ '3.2.0' ],
93 silly audit   'fast-glob': [ '3.3.3' ],
93 silly audit   fastq: [ '1.20.1' ],
93 silly audit   'fill-range': [ '7.1.1' ],
93 silly audit   'fraction.js': [ '5.3.4' ],
93 silly audit   fsevents: [ '2.3.3' ],
93 silly audit   'function-bind': [ '1.1.2' ],
93 silly audit   'graceful-fs': [ '4.2.11' ],
93 silly audit   hasown: [ '2.0.2' ],
93 silly audit   'iceberg-js': [ '0.8.1' ],
93 silly audit   'is-binary-path': [ '2.1.0' ],
93 silly audit   'is-core-module': [ '2.16.1' ],
93 silly audit   'is-extglob': [ '2.1.1' ],
93 silly audit   'is-glob': [ '4.0.3' ],
93 silly audit   'is-number': [ '7.0.0' ],
93 silly audit   jiti: [ '1.21.7' ],
93 silly audit   'js-tokens': [ '4.0.0' ],
93 silly audit   lilconfig: [ '3.1.3' ],
93 silly audit   'lines-and-columns': [ '1.2.4' ],
93 silly audit   'loose-envify': [ '1.4.0' ],
93 silly audit   'lucide-react': [ '0.511.0' ],
93 silly audit   merge2: [ '1.4.1' ],
93 silly audit   micromatch: [ '4.0.8' ],
93 silly audit   mz: [ '2.7.0' ],
93 silly audit   nanoid: [ '3.3.11' ],
93 silly audit   postcss: [ '8.5.9', '8.4.31' ],
93 silly audit   'node-releases': [ '2.0.37' ],
93 silly audit   'normalize-path': [ '3.0.0' ],
93 silly audit   'object-assign': [ '4.1.1' ],
93 silly audit   'object-hash': [ '3.0.0' ],
93 silly audit   'path-parse': [ '1.0.7' ],
93 silly audit   picocolors: [ '1.1.1' ],
93 silly audit   picomatch: [ '2.3.2', '4.0.4' ],
93 silly audit   pify: [ '2.3.0' ],
93 silly audit   pirates: [ '4.0.7' ],
93 silly audit   'postcss-import': [ '15.1.0' ],
93 silly audit   'postcss-js': [ '4.1.0' ],
93 silly audit   'postcss-load-config': [ '6.0.1' ],
93 silly audit   'postcss-nested': [ '6.2.0' ],
93 silly audit   'postcss-selector-parser': [ '6.1.2' ],
93 silly audit   'postcss-value-parser': [ '4.2.0' ],
93 silly audit   'queue-microtask': [ '1.2.3' ],
93 silly audit   react: [ '18.3.1' ],
93 silly audit   'react-dom': [ '18.3.1' ],
93 silly audit   'react-hook-form': [ '7.72.1' ],
93 silly audit   'read-cache': [ '1.0.0' ],
93 silly audit   readdirp: [ '3.6.0' ],
93 silly audit   resolve: [ '1.22.12' ],
93 silly audit   reusify: [ '1.1.0' ],
93 silly audit   'run-parallel': [ '1.2.0' ],
93 silly audit   scheduler: [ '0.23.2' ],
93 silly audit   'source-map-js': [ '1.2.1' ],
93 silly audit   streamsearch: [ '1.1.0' ],
93 silly audit   'styled-jsx': [ '5.1.1' ],
93 silly audit   sucrase: [ '3.35.1' ],
93 silly audit   'supports-preserve-symlinks-flag': [ '1.0.0' ],
93 silly audit   'tailwind-merge': [ '2.6.1' ],
93 silly audit   tailwindcss: [ '3.4.19' ],
93 silly audit   thenify: [ '3.3.1' ],
93 silly audit   'thenify-all': [ '1.6.0' ],
93 silly audit   tinyglobby: [ '0.2.16' ],
93 silly audit   fdir: [ '6.5.0' ],
93 silly audit   'to-regex-range': [ '5.0.1' ],
93 silly audit   'ts-interface-checker': [ '0.1.13' ],
93 silly audit   tslib: [ '2.8.1' ],
93 silly audit   typescript: [ '5.9.3' ],
93 silly audit   'undici-types': [ '6.21.0' ],
93 silly audit   'update-browserslist-db': [ '1.2.3' ],
93 silly audit   'util-deprecate': [ '1.0.2' ],
93 silly audit   ws: [ '8.20.0' ],
93 silly audit   zod: [ '3.25.76' ],
93 silly audit   next: [ '14.2.35' ],
93 silly audit   '@next/env': [ '14.2.35' ],
93 silly audit   '@next/swc-darwin-arm64': [ '14.2.33' ],
93 silly audit   '@next/swc-darwin-x64': [ '14.2.33' ],
93 silly audit   '@next/swc-linux-arm64-gnu': [ '14.2.33' ],
93 silly audit   '@next/swc-linux-arm64-musl': [ '14.2.33' ],
93 silly audit   '@next/swc-linux-x64-gnu': [ '14.2.33' ],
93 silly audit   '@next/swc-linux-x64-musl': [ '14.2.33' ],
93 silly audit   '@next/swc-win32-arm64-msvc': [ '14.2.33' ],
93 silly audit   '@next/swc-win32-ia32-msvc': [ '14.2.33' ],
93 silly audit   '@next/swc-win32-x64-msvc': [ '14.2.33' ]
93 silly audit }
94 http cache next@https://registry.npmjs.org/next/-/next-14.2.35.tgz 0ms (cache hit)
95 http cache @next/swc-win32-x64-msvc@https://registry.npmjs.org/@next/swc-win32-x64-msvc/-/swc-win32-x64-msvc-14.2.33.tgz 0ms (cache hit)
96 http cache @next/env@https://registry.npmjs.org/@next/env/-/env-14.2.35.tgz 0ms (cache hit)
97 silly tarball no local data for next@https://registry.npmjs.org/next/-/next-14.2.35.tgz. Extracting by manifest.
98 silly tarball no local data for @next/swc-win32-x64-msvc@https://registry.npmjs.org/@next/swc-win32-x64-msvc/-/swc-win32-x64-msvc-14.2.33.tgz. Extracting by manifest.
99 silly tarball no local data for @next/env@https://registry.npmjs.org/@next/env/-/env-14.2.35.tgz. Extracting by manifest.
100 http fetch GET 200 https://registry.npmjs.org/@next/env/-/env-14.2.35.tgz 208ms (cache miss)
101 http fetch POST 200 https://registry.npmjs.org/-/npm/v1/security/advisories/bulk 270ms
102 silly audit report {
102 silly audit report   next: [
102 silly audit report     {
102 silly audit report       id: 1112593,
102 silly audit report       url: 'https://github.com/advisories/GHSA-9g9p-9gw9-jx7f',
102 silly audit report       title: 'Next.js self-hosted applications vulnerable to DoS via Image Optimizer remotePatterns configuration',
102 silly audit report       severity: 'moderate',
102 silly audit report       vulnerable_versions: '>=10.0.0 <15.5.10',
102 silly audit report       cwe: [Array],
102 silly audit report       cvss: [Object]
102 silly audit report     },
102 silly audit report     {
102 silly audit report       id: 1112653,
102 silly audit report       url: 'https://github.com/advisories/GHSA-h25m-26qc-wcjf',
102 silly audit report       title: 'Next.js HTTP request deserialization can lead to DoS when using insecure React Server Components',
102 silly audit report       severity: 'high',
102 silly audit report       vulnerable_versions: '>=13.0.0 <15.0.8',
102 silly audit report       cwe: [Array],
102 silly audit report       cvss: [Object]
102 silly audit report     },
102 silly audit report     {
102 silly audit report       id: 1114897,
102 silly audit report       url: 'https://github.com/advisories/GHSA-ggv3-7p47-pfv8',
102 silly audit report       title: 'Next.js: HTTP request smuggling in rewrites',
102 silly audit report       severity: 'moderate',
102 silly audit report       vulnerable_versions: '>=9.5.0 <15.5.13',
102 silly audit report       cwe: [Array],
102 silly audit report       cvss: [Object]
102 silly audit report     },
102 silly audit report     {
102 silly audit report       id: 1114940,
102 silly audit report       url: 'https://github.com/advisories/GHSA-3x4c-7xq6-9pq8',
102 silly audit report       title: 'Next.js: Unbounded next/image disk cache growth can exhaust storage',
102 silly audit report       severity: 'moderate',
102 silly audit report       vulnerable_versions: '>=10.0.0 <15.5.14',
102 silly audit report       cwe: [Array],
102 silly audit report       cvss: [Object]
102 silly audit report     },
102 silly audit report     {
102 silly audit report       id: 1116376,
102 silly audit report       url: 'https://github.com/advisories/GHSA-q4gf-8mx6-v5v3',
102 silly audit report       title: 'Next.js has a Denial of Service with Server Components',
102 silly audit report       severity: 'high',
102 silly audit report       vulnerable_versions: '>=13.0.0 <15.5.15',
102 silly audit report       cwe: [Array],
102 silly audit report       cvss: [Object]
102 silly audit report     }
102 silly audit report   ]
102 silly audit report }
103 silly packumentCache corgi:https://registry.npmjs.org/next cache-miss
104 http fetch GET 200 https://registry.npmjs.org/next 272ms (cache revalidated)
105 silly packumentCache corgi:https://registry.npmjs.org/next set size:24657972 disposed:false
106 http fetch GET 200 https://registry.npmjs.org/@next/swc-win32-x64-msvc/-/swc-win32-x64-msvc-14.2.33.tgz 8628ms (cache miss)
107 http fetch GET 200 https://registry.npmjs.org/next/-/next-14.2.35.tgz 30452ms (cache miss)
108 warn cleanup Failed to remove some directories [
108 warn cleanup   [
108 warn cleanup     'D:\\app\\_in_dev_codex\\eng_tobe_saas\\node_modules\\@next\\.swc-win32-x64-msvc-hx94F4vI',
108 warn cleanup     [Error: EPERM: operation not permitted, unlink 'D:\app\_in_dev_codex\eng_tobe_saas\node_modules\@next\.swc-win32-x64-msvc-hx94F4vI\next-swc.win32-x64-msvc.node'] {
108 warn cleanup       errno: -4048,
108 warn cleanup       code: 'EPERM',
108 warn cleanup       syscall: 'unlink',
108 warn cleanup       path: 'D:\\app\\_in_dev_codex\\eng_tobe_saas\\node_modules\\@next\\.swc-win32-x64-msvc-hx94F4vI\\next-swc.win32-x64-msvc.node'
108 warn cleanup     }
108 warn cleanup   ]
108 warn cleanup ]
109 silly CHANGE node_modules/next
110 silly CHANGE node_modules/@next/swc-win32-x64-msvc
111 silly CHANGE node_modules/@next/env
112 verbose cwd D:\app\_in_dev_codex\eng_tobe_saas
113 verbose os Windows_NT 10.0.19044
114 verbose node v24.13.1
115 verbose npm  v11.8.0
116 verbose exit 0
117 info ok
